\BOOKMARK [1][-]{section.1}{\376\377\000D\000e\000t\000a\000i\000l\000e\000d\000\040\000S\000e\000v\000e\000n\000\040\000H\000a\000r\000m\000o\000n\000i\000e\000s\000\040\000D\000e\000f\000i\000n\000i\000t\000i\000o\000n\000s}{}% 1
\BOOKMARK [2][-]{subsection.1.1}{\376\377\000H\040\201\000:\000\040\000R\000e\000s\000o\000n\000a\000n\000t\000\040\000C\000o\000h\000e\000r\000e\000n\000c\000e\000\040\000\050\000G\000o\000v\000e\000r\000n\000a\000n\000c\000e\000\040\000Q\000u\000a\000l\000i\000t\000y\000\051}{section.1}% 2
\BOOKMARK [2][-]{subsection.1.2}{\376\377\000H\040\202\000:\000\040\000U\000n\000i\000v\000e\000r\000s\000a\000l\000\040\000I\000n\000t\000e\000r\000c\000o\000n\000n\000e\000c\000t\000e\000d\000n\000e\000s\000s\000\040\000\050\000G\000l\000o\000b\000a\000l\000\040\000I\000n\000t\000e\000g\000r\000a\000t\000i\000o\000n\000\051}{section.1}% 3
\BOOKMARK [2][-]{subsection.1.3}{\376\377\000H\040\203\000:\000\040\000S\000a\000c\000r\000e\000d\000\040\000R\000e\000c\000i\000p\000r\000o\000c\000i\000t\000y\000\040\000\050\000M\000u\000t\000u\000a\000l\000\040\000A\000i\000d\000\040\000a\000n\000d\000\040\000E\000x\000c\000h\000a\000n\000g\000e\000\051}{section.1}% 4
\BOOKMARK [2][-]{subsection.1.4}{\376\377\000H\040\204\000:\000\040\000P\000a\000n\000-\000S\000e\000n\000t\000i\000e\000n\000t\000\040\000F\000l\000o\000u\000r\000i\000s\000h\000i\000n\000g\000\040\000\050\000D\000i\000v\000e\000r\000s\000i\000t\000y\000\040\000a\000n\000d\000\040\000I\000n\000c\000l\000u\000s\000i\000o\000n\000\051}{section.1}% 5
\BOOKMARK [2][-]{subsection.1.5}{\376\377\000H\040\205\000:\000\040\000I\000n\000t\000e\000g\000r\000a\000l\000\040\000W\000i\000s\000d\000o\000m\000\040\000\050\000E\000p\000i\000s\000t\000e\000m\000i\000c\000\040\000C\000a\000p\000a\000c\000i\000t\000y\000\051}{section.1}% 6
\BOOKMARK [2][-]{subsection.1.6}{\376\377\000H\040\206\000:\000\040\000H\000u\000m\000a\000n\000\040\000F\000l\000o\000u\000r\000i\000s\000h\000i\000n\000g\000\040\000\050\000H\000e\000a\000l\000t\000h\000\040\000a\000n\000d\000\040\000W\000e\000l\000l\000b\000e\000i\000n\000g\000\051}{section.1}% 7
\BOOKMARK [2][-]{subsection.1.7}{\376\377\000H\040\207\000:\000\040\000E\000v\000o\000l\000u\000t\000i\000o\000n\000a\000r\000y\000\040\000P\000r\000o\000g\000r\000e\000s\000s\000i\000o\000n\000\040\000\050\000C\000o\000m\000p\000l\000e\000x\000i\000t\000y\000\040\000a\000n\000d\000\040\000C\000a\000p\000a\000b\000i\000l\000i\000t\000y\000\051}{section.1}% 8
\BOOKMARK [1][-]{section.2}{\376\377\000C\000o\000m\000p\000l\000e\000t\000e\000\040\000P\000r\000o\000x\000y\000\040\000V\000a\000r\000i\000a\000b\000l\000e\000\040\000D\000e\000s\000c\000r\000i\000p\000t\000i\000o\000n\000s}{}% 9
\BOOKMARK [2][-]{subsection.2.1}{\376\377\000D\000a\000t\000a\000\040\000S\000o\000u\000r\000c\000e\000\040\000O\000v\000e\000r\000v\000i\000e\000w}{section.2}% 10
\BOOKMARK [2][-]{subsection.2.2}{\376\377\000N\000o\000r\000m\000a\000l\000i\000z\000a\000t\000i\000o\000n\000\040\000M\000e\000t\000h\000o\000d\000o\000l\000o\000g\000y}{section.2}% 11
\BOOKMARK [2][-]{subsection.2.3}{\376\377\000M\000i\000s\000s\000i\000n\000g\000\040\000D\000a\000t\000a\000\040\000H\000a\000n\000d\000l\000i\000n\000g}{section.2}% 12
\BOOKMARK [1][-]{section.3}{\376\377\000V\000i\000s\000i\000o\000n\000-\000P\000r\000o\000x\000y\000\040\000G\000a\000p\000\040\000A\000n\000a\000l\000y\000s\000i\000s\000\040\000\050\000E\000x\000t\000e\000n\000d\000e\000d\000\051}{}% 13
\BOOKMARK [2][-]{subsection.3.1}{\376\377\000T\000h\000e\000\040\000V\000i\000s\000i\000o\000n\000-\000P\000r\000o\000x\000y\000\040\000F\000r\000a\000m\000e\000w\000o\000r\000k}{section.3}% 14
\BOOKMARK [2][-]{subsection.3.2}{\376\377\000G\000a\000p\000\040\000C\000l\000a\000s\000s\000i\000f\000i\000c\000a\000t\000i\000o\000n}{section.3}% 15
\BOOKMARK [2][-]{subsection.3.3}{\376\377\000T\000h\000e\000o\000r\000e\000t\000i\000c\000a\000l\000\040\000J\000u\000s\000t\000i\000f\000i\000c\000a\000t\000i\000o\000n}{section.3}% 16
\BOOKMARK [2][-]{subsection.3.4}{\376\377\000I\000m\000p\000l\000i\000c\000a\000t\000i\000o\000n\000s\000\040\000f\000o\000r\000\040\000I\000n\000t\000e\000r\000p\000r\000e\000t\000a\000t\000i\000o\000n}{section.3}% 17
\BOOKMARK [1][-]{section.4}{\376\377\000M\000a\000t\000h\000e\000m\000a\000t\000i\000c\000a\000l\000\040\000D\000e\000r\000i\000v\000a\000t\000i\000o\000n\000s}{}% 18
\BOOKMARK [2][-]{subsection.4.1}{\376\377\000M\000e\000t\000h\000o\000d\000o\000l\000o\000g\000i\000c\000a\000l\000\040\000O\000v\000e\000r\000v\000i\000e\000w}{section.4}% 19
\BOOKMARK [2][-]{subsection.4.2}{\376\377\000N\000o\000r\000m\000a\000l\000i\000z\000a\000t\000i\000o\000n\000\040\000P\000r\000o\000c\000e\000d\000u\000r\000e\000s}{section.4}% 20
\BOOKMARK [3][-]{subsubsection.4.2.1}{\376\377\000C\000e\000n\000t\000u\000r\000y\000-\000B\000a\000s\000e\000d\000\040\000M\000i\000n\000-\000M\000a\000x\000\040\000\050\000M\000o\000d\000e\000r\000n\000\040\000S\000e\000r\000i\000e\000s\000,\000\040\0001\0008\0001\0000\040\023\0002\0000\0002\0000\000\051}{subsection.4.2}% 21
\BOOKMARK [3][-]{subsubsection.4.2.2}{\376\377\000E\000p\000o\000c\000h\000-\000B\000a\000s\000e\000d\000\040\000M\000i\000n\000-\000M\000a\000x\000\040\000\050\000E\000x\000t\000e\000n\000d\000e\000d\000\040\000S\000e\000r\000i\000e\000s\000,\000\040\0003\0000\0000\0000\000\040\000B\000C\000E\040\023\0002\0000\0002\0000\000\040\000C\000E\000\051}{subsection.4.2}% 22
\BOOKMARK [2][-]{subsection.4.3}{\376\377\000H\000a\000r\000m\000o\000n\000y\000\040\000A\000g\000g\000r\000e\000g\000a\000t\000i\000o\000n}{section.4}% 23
\BOOKMARK [2][-]{subsection.4.4}{\376\377\000K\000-\000I\000n\000d\000e\000x\000\040\000C\000a\000l\000c\000u\000l\000a\000t\000i\000o\000n}{section.4}% 24
\BOOKMARK [2][-]{subsection.4.5}{\376\377\000I\000n\000t\000e\000r\000p\000r\000e\000t\000i\000n\000g\000\040\000t\000h\000e\000\040\000K\000\050\000t\000\051\000\040\000S\000c\000a\000l\000e\000:\000\040\000H\000i\000s\000t\000o\000r\000i\000c\000a\000l\000\040\000v\000s\000\040\000A\000s\000p\000i\000r\000a\000t\000i\000o\000n\000a\000l\000\040\000C\000o\000h\000e\000r\000e\000n\000c\000e}{section.4}% 25
\BOOKMARK [3][-]{subsubsection.4.5.1}{\376\377\000H\000i\000s\000t\000o\000r\000i\000c\000a\000l\000\040\000c\000e\000i\000l\000i\000n\000g\000\040\000v\000s\000\040\000t\000h\000e\000o\000r\000e\000t\000i\000c\000a\000l\000\040\000p\000o\000t\000e\000n\000t\000i\000a\000l}{subsection.4.5}% 26
\BOOKMARK [3][-]{subsubsection.4.5.2}{\376\377\000C\000a\000p\000a\000c\000i\000t\000y\000\040\000v\000s\000\040\000a\000c\000t\000u\000a\000l\000i\000z\000a\000t\000i\000o\000n\000\040\000g\000a\000p}{subsection.4.5}% 27
\BOOKMARK [3][-]{subsubsection.4.5.3}{\376\377\000F\000u\000t\000u\000r\000e\000\040\000a\000s\000p\000i\000r\000a\000t\000i\000o\000n\000a\000l\000\040\000i\000n\000d\000e\000x}{subsection.4.5}% 28
\BOOKMARK [2][-]{subsection.4.6}{\376\377\000S\000t\000a\000t\000i\000s\000t\000i\000c\000a\000l\000\040\000F\000r\000a\000m\000e\000w\000o\000r\000k}{section.4}% 29
\BOOKMARK [3][-]{subsubsection.4.6.1}{\376\377\000B\000o\000o\000t\000s\000t\000r\000a\000p\000\040\000C\000o\000n\000f\000i\000d\000e\000n\000c\000e\000\040\000I\000n\000t\000e\000r\000v\000a\000l\000s}{subsection.4.6}% 30
\BOOKMARK [3][-]{subsubsection.4.6.2}{\376\377\000E\000x\000t\000e\000r\000n\000a\000l\000\040\000V\000a\000l\000i\000d\000a\000t\000i\000o\000n}{subsection.4.6}% 31
\BOOKMARK [1][-]{section.5}{\376\377\000S\000e\000n\000s\000i\000t\000i\000v\000i\000t\000y\000\040\000a\000n\000d\000\040\000R\000o\000b\000u\000s\000t\000n\000e\000s\000s\000\040\000A\000n\000a\000l\000y\000s\000i\000s}{}% 32
\BOOKMARK [2][-]{subsection.5.1}{\376\377\000C\000o\000m\000p\000o\000n\000e\000n\000t\000\040\000W\000e\000i\000g\000h\000t\000i\000n\000g\000\040\000V\000a\000r\000i\000a\000t\000i\000o\000n\000s}{section.5}% 33
\BOOKMARK [2][-]{subsection.5.2}{\376\377\000N\000o\000r\000m\000a\000l\000i\000z\000a\000t\000i\000o\000n\000\040\000M\000e\000t\000h\000o\000d\000\040\000V\000a\000r\000i\000a\000t\000i\000o\000n\000s}{section.5}% 34
\BOOKMARK [2][-]{subsection.5.3}{\376\377\000P\000r\000o\000x\000y\000\040\000S\000e\000l\000e\000c\000t\000i\000o\000n\000\040\000R\000o\000b\000u\000s\000t\000n\000e\000s\000s}{section.5}% 35
\BOOKMARK [2][-]{subsection.5.4}{\376\377\000T\000e\000m\000p\000o\000r\000a\000l\000\040\000R\000e\000s\000o\000l\000u\000t\000i\000o\000n\000\040\000S\000e\000n\000s\000i\000t\000i\000v\000i\000t\000y}{section.5}% 36
\BOOKMARK [2][-]{subsection.5.5}{\376\377\000R\000e\000g\000i\000o\000n\000a\000l\000\040\000W\000e\000i\000g\000h\000t\000i\000n\000g}{section.5}% 37
\BOOKMARK [2][-]{subsection.5.6}{\376\377\000S\000e\000n\000s\000i\000t\000i\000v\000i\000t\000y\000\040\000S\000u\000m\000m\000a\000r\000y}{section.5}% 38
\BOOKMARK [2][-]{subsection.5.7}{\376\377\000B\000o\000o\000t\000s\000t\000r\000a\000p\000\040\000V\000a\000l\000i\000d\000a\000t\000i\000o\000n\000\040\000R\000e\000s\000u\000l\000t\000s}{section.5}% 39
\BOOKMARK [1][-]{section.6}{\376\377\000R\000e\000g\000i\000o\000n\000a\000l\000\040\000D\000e\000c\000o\000m\000p\000o\000s\000i\000t\000i\000o\000n}{}% 40
\BOOKMARK [2][-]{subsection.6.1}{\376\377\000R\000e\000g\000i\000o\000n\000a\000l\000\040\000K\000\050\000t\000\051\000\040\000T\000r\000a\000j\000e\000c\000t\000o\000r\000i\000e\000s\000\040\000\050\0001\0008\0001\0000\040\023\0002\0000\0002\0000\000\051}{section.6}% 41
\BOOKMARK [2][-]{subsection.6.2}{\376\377\000H\000i\000s\000t\000o\000r\000i\000c\000a\000l\000\040\000P\000a\000t\000t\000e\000r\000n\000s\000\040\000a\000n\000d\000\040\000D\000r\000i\000v\000e\000r\000s}{section.6}% 42
\BOOKMARK [2][-]{subsection.6.3}{\376\377\000H\000a\000r\000m\000o\000n\000i\000c\000\040\000D\000e\000c\000o\000m\000p\000o\000s\000i\000t\000i\000o\000n\000\040\000b\000y\000\040\000R\000e\000g\000i\000o\000n}{section.6}% 43
\BOOKMARK [1][-]{section.7}{\376\377\000C\000o\000m\000p\000u\000t\000a\000t\000i\000o\000n\000a\000l\000\040\000I\000m\000p\000l\000e\000m\000e\000n\000t\000a\000t\000i\000o\000n}{}% 44
\BOOKMARK [2][-]{subsection.7.1}{\376\377\000D\000a\000t\000a\000\040\000P\000r\000o\000c\000e\000s\000s\000i\000n\000g\000\040\000P\000i\000p\000e\000l\000i\000n\000e}{section.7}% 45
\BOOKMARK [2][-]{subsection.7.2}{\376\377\000R\000e\000p\000r\000o\000d\000u\000c\000i\000b\000i\000l\000i\000t\000y}{section.7}% 46
\BOOKMARK [2][-]{subsection.7.3}{\376\377\000C\000o\000m\000p\000u\000t\000a\000t\000i\000o\000n\000a\000l\000\040\000P\000e\000r\000f\000o\000r\000m\000a\000n\000c\000e}{section.7}% 47
\BOOKMARK [1][-]{section.8}{\376\377\000L\000i\000m\000i\000t\000a\000t\000i\000o\000n\000s\000\040\000a\000n\000d\000\040\000A\000s\000s\000u\000m\000p\000t\000i\000o\000n\000s\000\040\000\050\000E\000x\000t\000e\000n\000d\000e\000d\000\051}{}% 48
\BOOKMARK [2][-]{subsection.8.1}{\376\377\000K\000e\000y\000\040\000L\000i\000m\000i\000t\000a\000t\000i\000o\000n\000s}{section.8}% 49
\BOOKMARK [2][-]{subsection.8.2}{\376\377\000K\000e\000y\000\040\000A\000s\000s\000u\000m\000p\000t\000i\000o\000n\000s}{section.8}% 50
\BOOKMARK [2][-]{subsection.8.3}{\376\377\000I\000m\000p\000l\000i\000c\000a\000t\000i\000o\000n\000s\000\040\000f\000o\000r\000\040\000I\000n\000t\000e\000r\000p\000r\000e\000t\000a\000t\000i\000o\000n}{section.8}% 51
\BOOKMARK [1][-]{section.9}{\376\377\000S\000u\000p\000p\000l\000e\000m\000e\000n\000t\000a\000r\000y\000\040\000T\000a\000b\000l\000e\000s}{}% 52
\BOOKMARK [2][-]{subsection.9.1}{\376\377\000T\000a\000b\000l\000e\000\040\000S\0001\000:\000\040\000C\000o\000m\000p\000l\000e\000t\000e\000\040\000P\000r\000o\000x\000y\000\040\000V\000a\000r\000i\000a\000b\000l\000e\000\040\000D\000e\000f\000i\000n\000i\000t\000i\000o\000n\000s}{section.9}% 53
\BOOKMARK [2][-]{subsection.9.2}{\376\377\000T\000a\000b\000l\000e\000\040\000S\0002\000:\000\040\000D\000a\000t\000a\000\040\000S\000o\000u\000r\000c\000e\000\040\000M\000e\000t\000a\000d\000a\000t\000a}{section.9}% 54
\BOOKMARK [2][-]{subsection.9.3}{\376\377\000T\000a\000b\000l\000e\000\040\000S\0003\000:\000\040\000R\000e\000g\000i\000o\000n\000a\000l\000\040\000K\000\050\000t\000\051\000\040\000D\000e\000c\000o\000m\000p\000o\000s\000i\000t\000i\000o\000n}{section.9}% 55
\BOOKMARK [2][-]{subsection.9.4}{\376\377\000T\000a\000b\000l\000e\000\040\000S\0004\000:\000\040\000A\000l\000t\000e\000r\000n\000a\000t\000i\000v\000e\000\040\000W\000e\000i\000g\000h\000t\000i\000n\000g\000\040\000R\000o\000b\000u\000s\000t\000n\000e\000s\000s\000\040\000R\000e\000s\000u\000l\000t\000s}{section.9}% 56
\BOOKMARK [1][-]{section.10}{\376\377\000S\000u\000p\000p\000l\000e\000m\000e\000n\000t\000a\000r\000y\000\040\000F\000i\000g\000u\000r\000e\000s}{}% 57
\BOOKMARK [2][-]{subsection.10.1}{\376\377\000F\000i\000g\000u\000r\000e\000\040\000S\0001\000:\000\040\000F\000u\000l\000l\000\040\000K\000\050\000t\000\051\000\040\000T\000i\000m\000e\000\040\000S\000e\000r\000i\000e\000s\000\040\000w\000i\000t\000h\000\040\000R\000e\000g\000i\000o\000n\000a\000l\000\040\000B\000r\000e\000a\000k\000d\000o\000w\000n}{section.10}% 58
\BOOKMARK [2][-]{subsection.10.2}{\376\377\000F\000i\000g\000u\000r\000e\000\040\000S\0002\000:\000\040\000B\000o\000o\000t\000s\000t\000r\000a\000p\000\040\000C\000o\000n\000f\000i\000d\000e\000n\000c\000e\000\040\000I\000n\000t\000e\000r\000v\000a\000l\000s}{section.10}% 59
\BOOKMARK [2][-]{subsection.10.3}{\376\377\000F\000i\000g\000u\000r\000e\000\040\000S\0003\000:\000\040\000R\000e\000g\000i\000o\000n\000a\000l\000\040\000K\000\050\000t\000\051\000\040\000T\000r\000a\000j\000e\000c\000t\000o\000r\000i\000e\000s\000\040\000w\000i\000t\000h\000\040\000U\000n\000c\000e\000r\000t\000a\000i\000n\000t\000y\000\040\000B\000a\000n\000d\000s}{section.10}% 60
\BOOKMARK [2][-]{subsection.10.4}{\376\377\000F\000i\000g\000u\000r\000e\000\040\000S\0004\000:\000\040\000H\000a\000r\000m\000o\000n\000i\000c\000\040\000C\000o\000n\000t\000r\000i\000b\000u\000t\000i\000o\000n\000\040\000D\000y\000n\000a\000m\000i\000c\000s}{section.10}% 61
