This is pdfTeX, Version 3.141592653-2.6-1.40.25 (TeX Live 2023/nixos.org) (preloaded format=pdflatex 1980.1.1)  29 NOV 2025 15:53
entering extended mode
 restricted \write18 enabled.
 %&-line parsing enabled.
**paper_9_kosmic_k_index.tex
(./paper_9_kosmic_k_index.tex
LaTeX2e <2023-11-01> patch level 1
L3 programming layer <2024-02-20>

(/nix/store/pmgqv45x7z36cdlfvmf79wl0mj2fk7hl-texlive-combined-full-2023-final-t
exmfdist/tex/latex/base/article.cls
Document Class: article 2023/05/17 v1.4n Standard LaTeX document class

(/nix/store/pmgqv45x7z36cdlfvmf79wl0mj2fk7hl-texlive-combined-full-2023-final-t
exmfdist/tex/latex/base/size11.clo
File: size11.clo 2023/05/17 v1.4n Standard LaTeX file (size option)
)
\c@part=\count188
\c@section=\count189
\c@subsection=\count190
\c@subsubsection=\count191
\c@paragraph=\count192
\c@subparagraph=\count193
\c@figure=\count194
\c@table=\count195
\abovecaptionskip=\skip48
\belowcaptionskip=\skip49
\bibindent=\dimen140
)
(/nix/store/pmgqv45x7z36cdlfvmf79wl0mj2fk7hl-texlive-combined-full-2023-final-t
exmfdist/tex/latex/base/inputenc.sty
Package: inputenc 2021/02/14 v1.3d Input encoding file
\inpenc@prehook=\toks17
\inpenc@posthook=\toks18
)
(/nix/store/pmgqv45x7z36cdlfvmf79wl0mj2fk7hl-texlive-combined-full-2023-final-t
exmfdist/tex/latex/base/fontenc.sty
Package: fontenc 2021/04/29 v2.0v Standard LaTeX package
)
(/nix/store/pmgqv45x7z36cdlfvmf79wl0mj2fk7hl-texlive-combined-full-2023-final-t
exmfdist/tex/latex/amsmath/amsmath.sty
Package: amsmath 2023/05/13 v2.17o AMS math features
\@mathmargin=\skip50

For additional information on amsmath, use the `?' option.

(/nix/store/pmgqv45x7z36cdlfvmf79wl0mj2fk7hl-texlive-combined-full-2023-final-t
exmfdist/tex/latex/amsmath/amstext.sty
Package: amstext 2021/08/26 v2.01 AMS text

(/nix/store/pmgqv45x7z36cdlfvmf79wl0mj2fk7hl-texlive-combined-full-2023-final-t
exmfdist/tex/latex/amsmath/amsgen.sty
File: amsgen.sty 1999/11/30 v2.0 generic functions
\@emptytoks=\toks19
\ex@=\dimen141
))
(/nix/store/pmgqv45x7z36cdlfvmf79wl0mj2fk7hl-texlive-combined-full-2023-final-t
exmfdist/tex/latex/amsmath/amsbsy.sty
Package: amsbsy 1999/11/29 v1.2d Bold Symbols
\pmbraise@=\dimen142
)
(/nix/store/pmgqv45x7z36cdlfvmf79wl0mj2fk7hl-texlive-combined-full-2023-final-t
exmfdist/tex/latex/amsmath/amsopn.sty
Package: amsopn 2022/04/08 v2.04 operator names
)
\inf@bad=\count196
LaTeX Info: Redefining \frac on input line 234.
\uproot@=\count197
\leftroot@=\count198
LaTeX Info: Redefining \overline on input line 399.
LaTeX Info: Redefining \colon on input line 410.
\classnum@=\count199
\DOTSCASE@=\count266
LaTeX Info: Redefining \ldots on input line 496.
LaTeX Info: Redefining \dots on input line 499.
LaTeX Info: Redefining \cdots on input line 620.
\Mathstrutbox@=\box51
\strutbox@=\box52
LaTeX Info: Redefining \big on input line 722.
LaTeX Info: Redefining \Big on input line 723.
LaTeX Info: Redefining \bigg on input line 724.
LaTeX Info: Redefining \Bigg on input line 725.
\big@size=\dimen143
LaTeX Font Info:    Redeclaring font encoding OML on input line 743.
LaTeX Font Info:    Redeclaring font encoding OMS on input line 744.
\macc@depth=\count267
LaTeX Info: Redefining \bmod on input line 905.
LaTeX Info: Redefining \pmod on input line 910.
LaTeX Info: Redefining \smash on input line 940.
LaTeX Info: Redefining \relbar on input line 970.
LaTeX Info: Redefining \Relbar on input line 971.
\c@MaxMatrixCols=\count268
\dotsspace@=\muskip16
\c@parentequation=\count269
\dspbrk@lvl=\count270
\tag@help=\toks20
\row@=\count271
\column@=\count272
\maxfields@=\count273
\andhelp@=\toks21
\eqnshift@=\dimen144
\alignsep@=\dimen145
\tagshift@=\dimen146
\tagwidth@=\dimen147
\totwidth@=\dimen148
\lineht@=\dimen149
\@envbody=\toks22
\multlinegap=\skip51
\multlinetaggap=\skip52
\mathdisplay@stack=\toks23
LaTeX Info: Redefining \[ on input line 2953.
LaTeX Info: Redefining \] on input line 2954.
)
(/nix/store/pmgqv45x7z36cdlfvmf79wl0mj2fk7hl-texlive-combined-full-2023-final-t
exmfdist/tex/latex/amsfonts/amssymb.sty
Package: amssymb 2013/01/14 v3.01 AMS font symbols

(/nix/store/pmgqv45x7z36cdlfvmf79wl0mj2fk7hl-texlive-combined-full-2023-final-t
exmfdist/tex/latex/amsfonts/amsfonts.sty
Package: amsfonts 2013/01/14 v3.01 Basic AMSFonts support
\symAMSa=\mathgroup4
\symAMSb=\mathgroup5
LaTeX Font Info:    Redeclaring math symbol \hbar on input line 98.
LaTeX Font Info:    Overwriting math alphabet `\mathfrak' in version `bold'
(Font)                  U/euf/m/n --> U/euf/b/n on input line 106.
))
(/nix/store/pmgqv45x7z36cdlfvmf79wl0mj2fk7hl-texlive-combined-full-2023-final-t
exmfdist/tex/latex/amscls/amsthm.sty
Package: amsthm 2020/05/29 v2.20.6
\thm@style=\toks24
\thm@bodyfont=\toks25
\thm@headfont=\toks26
\thm@notefont=\toks27
\thm@headpunct=\toks28
\thm@preskip=\skip53
\thm@postskip=\skip54
\thm@headsep=\skip55
\dth@everypar=\toks29
)
(/nix/store/pmgqv45x7z36cdlfvmf79wl0mj2fk7hl-texlive-combined-full-2023-final-t
exmfdist/tex/latex/graphics/graphicx.sty
Package: graphicx 2021/09/16 v1.2d Enhanced LaTeX Graphics (DPC,SPQR)

(/nix/store/pmgqv45x7z36cdlfvmf79wl0mj2fk7hl-texlive-combined-full-2023-final-t
exmfdist/tex/latex/graphics/keyval.sty
Package: keyval 2022/05/29 v1.15 key=value parser (DPC)
\KV@toks@=\toks30
)
(/nix/store/pmgqv45x7z36cdlfvmf79wl0mj2fk7hl-texlive-combined-full-2023-final-t
exmfdist/tex/latex/graphics/graphics.sty
Package: graphics 2022/03/10 v1.4e Standard LaTeX Graphics (DPC,SPQR)

(/nix/store/pmgqv45x7z36cdlfvmf79wl0mj2fk7hl-texlive-combined-full-2023-final-t
exmfdist/tex/latex/graphics/trig.sty
Package: trig 2021/08/11 v1.11 sin cos tan (DPC)
)
(/nix/store/pmgqv45x7z36cdlfvmf79wl0mj2fk7hl-texlive-combined-full-2023-final-t
exmfdist/tex/latex/graphics-cfg/graphics.cfg
File: graphics.cfg 2016/06/04 v1.11 sample graphics configuration
)
Package graphics Info: Driver file: pdftex.def on input line 107.

(/nix/store/pmgqv45x7z36cdlfvmf79wl0mj2fk7hl-texlive-combined-full-2023-final-t
exmfdist/tex/latex/graphics-def/pdftex.def
File: pdftex.def 2022/09/22 v1.2b Graphics/color driver for pdftex
))
\Gin@req@height=\dimen150
\Gin@req@width=\dimen151
)
(/nix/store/pmgqv45x7z36cdlfvmf79wl0mj2fk7hl-texlive-combined-full-2023-final-t
exmfdist/tex/latex/booktabs/booktabs.sty
Package: booktabs 2020/01/12 v1.61803398 Publication quality tables
\heavyrulewidth=\dimen152
\lightrulewidth=\dimen153
\cmidrulewidth=\dimen154
\belowrulesep=\dimen155
\belowbottomsep=\dimen156
\aboverulesep=\dimen157
\abovetopsep=\dimen158
\cmidrulesep=\dimen159
\cmidrulekern=\dimen160
\defaultaddspace=\dimen161
\@cmidla=\count274
\@cmidlb=\count275
\@aboverulesep=\dimen162
\@belowrulesep=\dimen163
\@thisruleclass=\count276
\@lastruleclass=\count277
\@thisrulewidth=\dimen164
)
(/nix/store/pmgqv45x7z36cdlfvmf79wl0mj2fk7hl-texlive-combined-full-2023-final-t
exmfdist/tex/latex/hyperref/hyperref.sty
Package: hyperref 2024-01-20 v7.01h Hypertext links for LaTeX

(/nix/store/pmgqv45x7z36cdlfvmf79wl0mj2fk7hl-texlive-combined-full-2023-final-t
exmfdist/tex/generic/iftex/iftex.sty
Package: iftex 2022/02/03 v1.0f TeX engine tests
)
(/nix/store/pmgqv45x7z36cdlfvmf79wl0mj2fk7hl-texlive-combined-full-2023-final-t
exmfdist/tex/latex/kvsetkeys/kvsetkeys.sty
Package: kvsetkeys 2022-10-05 v1.19 Key value parser (HO)
)
(/nix/store/pmgqv45x7z36cdlfvmf79wl0mj2fk7hl-texlive-combined-full-2023-final-t
exmfdist/tex/generic/kvdefinekeys/kvdefinekeys.sty
Package: kvdefinekeys 2019-12-19 v1.6 Define keys (HO)
)
(/nix/store/pmgqv45x7z36cdlfvmf79wl0mj2fk7hl-texlive-combined-full-2023-final-t
exmfdist/tex/generic/pdfescape/pdfescape.sty
Package: pdfescape 2019/12/09 v1.15 Implements pdfTeX's escape features (HO)

(/nix/store/pmgqv45x7z36cdlfvmf79wl0mj2fk7hl-texlive-combined-full-2023-final-t
exmfdist/tex/generic/ltxcmds/ltxcmds.sty
Package: ltxcmds 2023-12-04 v1.26 LaTeX kernel commands for general use (HO)
)
(/nix/store/pmgqv45x7z36cdlfvmf79wl0mj2fk7hl-texlive-combined-full-2023-final-t
exmfdist/tex/generic/pdftexcmds/pdftexcmds.sty
Package: pdftexcmds 2020-06-27 v0.33 Utility functions of pdfTeX for LuaTeX (HO
)

(/nix/store/pmgqv45x7z36cdlfvmf79wl0mj2fk7hl-texlive-combined-full-2023-final-t
exmfdist/tex/generic/infwarerr/infwarerr.sty
Package: infwarerr 2019/12/03 v1.5 Providing info/warning/error messages (HO)
)
Package pdftexcmds Info: \pdf@primitive is available.
Package pdftexcmds Info: \pdf@ifprimitive is available.
Package pdftexcmds Info: \pdfdraftmode found.
))
(/nix/store/pmgqv45x7z36cdlfvmf79wl0mj2fk7hl-texlive-combined-full-2023-final-t
exmfdist/tex/latex/hycolor/hycolor.sty
Package: hycolor 2020-01-27 v1.10 Color options for hyperref/bookmark (HO)
)
(/nix/store/pmgqv45x7z36cdlfvmf79wl0mj2fk7hl-texlive-combined-full-2023-final-t
exmfdist/tex/latex/auxhook/auxhook.sty
Package: auxhook 2019-12-17 v1.6 Hooks for auxiliary files (HO)
)
(/nix/store/pmgqv45x7z36cdlfvmf79wl0mj2fk7hl-texlive-combined-full-2023-final-t
exmfdist/tex/latex/hyperref/nameref.sty
Package: nameref 2023-11-26 v2.56 Cross-referencing by name of section

(/nix/store/pmgqv45x7z36cdlfvmf79wl0mj2fk7hl-texlive-combined-full-2023-final-t
exmfdist/tex/latex/refcount/refcount.sty
Package: refcount 2019/12/15 v3.6 Data extraction from label references (HO)
)
(/nix/store/pmgqv45x7z36cdlfvmf79wl0mj2fk7hl-texlive-combined-full-2023-final-t
exmfdist/tex/generic/gettitlestring/gettitlestring.sty
Package: gettitlestring 2019/12/15 v1.6 Cleanup title references (HO)

(/nix/store/pmgqv45x7z36cdlfvmf79wl0mj2fk7hl-texlive-combined-full-2023-final-t
exmfdist/tex/latex/kvoptions/kvoptions.sty
Package: kvoptions 2022-06-15 v3.15 Key value format for package options (HO)
))
\c@section@level=\count278
)
(/nix/store/pmgqv45x7z36cdlfvmf79wl0mj2fk7hl-texlive-combined-full-2023-final-t
exmfdist/tex/latex/etoolbox/etoolbox.sty
Package: etoolbox 2020/10/05 v2.5k e-TeX tools for LaTeX (JAW)
\etb@tempcnta=\count279
)
\@linkdim=\dimen165
\Hy@linkcounter=\count280
\Hy@pagecounter=\count281

(/nix/store/pmgqv45x7z36cdlfvmf79wl0mj2fk7hl-texlive-combined-full-2023-final-t
exmfdist/tex/latex/hyperref/pd1enc.def
File: pd1enc.def 2024-01-20 v7.01h Hyperref: PDFDocEncoding definition (HO)
Now handling font encoding PD1 ...
... no UTF-8 mapping file for font encoding PD1
)
(/nix/store/pmgqv45x7z36cdlfvmf79wl0mj2fk7hl-texlive-combined-full-2023-final-t
exmfdist/tex/generic/intcalc/intcalc.sty
Package: intcalc 2019/12/15 v1.3 Expandable calculations with integers (HO)
)
\Hy@SavedSpaceFactor=\count282

(/nix/store/pmgqv45x7z36cdlfvmf79wl0mj2fk7hl-texlive-combined-full-2023-final-t
exmfdist/tex/latex/hyperref/puenc.def
File: puenc.def 2024-01-20 v7.01h Hyperref: PDF Unicode definition (HO)
Now handling font encoding PU ...
... no UTF-8 mapping file for font encoding PU
)
Package hyperref Info: Hyper figures OFF on input line 4179.
Package hyperref Info: Link nesting OFF on input line 4184.
Package hyperref Info: Hyper index ON on input line 4187.
Package hyperref Info: Plain pages OFF on input line 4194.
Package hyperref Info: Backreferencing OFF on input line 4199.
Package hyperref Info: Implicit mode ON; LaTeX internals redefined.
Package hyperref Info: Bookmarks ON on input line 4446.
\c@Hy@tempcnt=\count283

(/nix/store/pmgqv45x7z36cdlfvmf79wl0mj2fk7hl-texlive-combined-full-2023-final-t
exmfdist/tex/latex/url/url.sty
\Urlmuskip=\muskip17
Package: url 2013/09/16  ver 3.4  Verb mode for urls, etc.
)
LaTeX Info: Redefining \url on input line 4784.
\XeTeXLinkMargin=\dimen166

(/nix/store/pmgqv45x7z36cdlfvmf79wl0mj2fk7hl-texlive-combined-full-2023-final-t
exmfdist/tex/generic/bitset/bitset.sty
Package: bitset 2019/12/09 v1.3 Handle bit-vector datatype (HO)

(/nix/store/pmgqv45x7z36cdlfvmf79wl0mj2fk7hl-texlive-combined-full-2023-final-t
exmfdist/tex/generic/bigintcalc/bigintcalc.sty
Package: bigintcalc 2019/12/15 v1.5 Expandable calculations on big integers (HO
)
))
\Fld@menulength=\count284
\Field@Width=\dimen167
\Fld@charsize=\dimen168
Package hyperref Info: Hyper figures OFF on input line 6063.
Package hyperref Info: Link nesting OFF on input line 6068.
Package hyperref Info: Hyper index ON on input line 6071.
Package hyperref Info: backreferencing OFF on input line 6078.
Package hyperref Info: Link coloring OFF on input line 6083.
Package hyperref Info: Link coloring with OCG OFF on input line 6088.
Package hyperref Info: PDF/A mode OFF on input line 6093.

(/nix/store/pmgqv45x7z36cdlfvmf79wl0mj2fk7hl-texlive-combined-full-2023-final-t
exmfdist/tex/latex/base/atbegshi-ltx.sty
Package: atbegshi-ltx 2021/01/10 v1.0c Emulation of the original atbegshi
package with kernel methods
)
\Hy@abspage=\count285
\c@Item=\count286
\c@Hfootnote=\count287
)
Package hyperref Info: Driver (autodetected): hpdftex.

(/nix/store/pmgqv45x7z36cdlfvmf79wl0mj2fk7hl-texlive-combined-full-2023-final-t
exmfdist/tex/latex/hyperref/hpdftex.def
File: hpdftex.def 2024-01-20 v7.01h Hyperref driver for pdfTeX

(/nix/store/pmgqv45x7z36cdlfvmf79wl0mj2fk7hl-texlive-combined-full-2023-final-t
exmfdist/tex/latex/base/atveryend-ltx.sty
Package: atveryend-ltx 2020/08/19 v1.0a Emulation of the original atveryend pac
kage
with kernel methods
)
\Fld@listcount=\count288
\c@bookmark@seq@number=\count289

(/nix/store/pmgqv45x7z36cdlfvmf79wl0mj2fk7hl-texlive-combined-full-2023-final-t
exmfdist/tex/latex/rerunfilecheck/rerunfilecheck.sty
Package: rerunfilecheck 2022-07-10 v1.10 Rerun checks for auxiliary files (HO)

(/nix/store/pmgqv45x7z36cdlfvmf79wl0mj2fk7hl-texlive-combined-full-2023-final-t
exmfdist/tex/generic/uniquecounter/uniquecounter.sty
Package: uniquecounter 2019/12/15 v1.4 Provide unlimited unique counter (HO)
)
Package uniquecounter Info: New unique counter `rerunfilecheck' on input line 2
85.
)
\Hy@SectionHShift=\skip56
)
(/nix/store/pmgqv45x7z36cdlfvmf79wl0mj2fk7hl-texlive-combined-full-2023-final-t
exmfdist/tex/latex/natbib/natbib.sty
Package: natbib 2010/09/13 8.31b (PWD, AO)
\bibhang=\skip57
\bibsep=\skip58
LaTeX Info: Redefining \cite on input line 694.
\c@NAT@ctr=\count290
)
(/nix/store/pmgqv45x7z36cdlfvmf79wl0mj2fk7hl-texlive-combined-full-2023-final-t
exmfdist/tex/latex/algorithms/algorithm.sty
Package: algorithm 2009/08/24 v0.1 Document Style `algorithm' - floating enviro
nment

(/nix/store/pmgqv45x7z36cdlfvmf79wl0mj2fk7hl-texlive-combined-full-2023-final-t
exmfdist/tex/latex/float/float.sty
Package: float 2001/11/08 v1.3d Float enhancements (AL)
\c@float@type=\count291
\float@exts=\toks31
\float@box=\box53
\@float@everytoks=\toks32
\@floatcapt=\box54
)
(/nix/store/pmgqv45x7z36cdlfvmf79wl0mj2fk7hl-texlive-combined-full-2023-final-t
exmfdist/tex/latex/base/ifthen.sty
Package: ifthen 2022/04/13 v1.1d Standard LaTeX ifthen package (DPC)
)
\@float@every@algorithm=\toks33
\c@algorithm=\count292
)
(/nix/store/pmgqv45x7z36cdlfvmf79wl0mj2fk7hl-texlive-combined-full-2023-final-t
exmfdist/tex/latex/algorithms/algorithmic.sty
Package: algorithmic 2009/08/24 v0.1 Document Style `algorithmic'
\c@ALC@unique=\count293
\c@ALC@line=\count294
\c@ALC@rem=\count295
\c@ALC@depth=\count296
\ALC@tlm=\skip59
\algorithmicindent=\skip60
)
(/nix/store/pmgqv45x7z36cdlfvmf79wl0mj2fk7hl-texlive-combined-full-2023-final-t
exmfdist/tex/latex/xcolor/xcolor.sty
Package: xcolor 2023/11/15 v3.01 LaTeX color extensions (UK)

(/nix/store/pmgqv45x7z36cdlfvmf79wl0mj2fk7hl-texlive-combined-full-2023-final-t
exmfdist/tex/latex/graphics-cfg/color.cfg
File: color.cfg 2016/01/02 v1.6 sample color configuration
)
Package xcolor Info: Driver file: pdftex.def on input line 274.

(/nix/store/pmgqv45x7z36cdlfvmf79wl0mj2fk7hl-texlive-combined-full-2023-final-t
exmfdist/tex/latex/graphics/mathcolor.ltx)
Package xcolor Info: Model `cmy' substituted by `cmy0' on input line 1350.
Package xcolor Info: Model `hsb' substituted by `rgb' on input line 1354.
Package xcolor Info: Model `RGB' extended on input line 1366.
Package xcolor Info: Model `HTML' substituted by `rgb' on input line 1368.
Package xcolor Info: Model `Hsb' substituted by `hsb' on input line 1369.
Package xcolor Info: Model `tHsb' substituted by `hsb' on input line 1370.
Package xcolor Info: Model `HSB' substituted by `hsb' on input line 1371.
Package xcolor Info: Model `Gray' substituted by `gray' on input line 1372.
Package xcolor Info: Model `wave' substituted by `hsb' on input line 1373.
)
(/nix/store/pmgqv45x7z36cdlfvmf79wl0mj2fk7hl-texlive-combined-full-2023-final-t
exmfdist/tex/latex/l3backend/l3backend-pdftex.def
File: l3backend-pdftex.def 2024-02-20 L3 backend support: PDF output (pdfTeX)
\l__color_backend_stack_int=\count297
\l__pdf_internal_box=\box55
)
(./paper_9_kosmic_k_index.aux

! Package natbib Error: Bibliography not compatible with author-year citations.

(natbib)                Press <return> to continue in numerical citation style.


See the natbib package documentation for explanation.
Type  H <return>  for immediate help.
 ...                                              
                                                  
l.84 ...mand\NAT@force@numbers{}\NAT@force@numbers
                                                  
Check the bibliography entries for non-compliant syntax,
or select author-year BibTeX style, e.g. plainnat

)
\openout1 = `paper_9_kosmic_k_index.aux'.

LaTeX Font Info:    Checking defaults for OML/cmm/m/it on input line 35.
LaTeX Font Info:    ... okay on input line 35.
LaTeX Font Info:    Checking defaults for OMS/cmsy/m/n on input line 35.
LaTeX Font Info:    ... okay on input line 35.
LaTeX Font Info:    Checking defaults for OT1/cmr/m/n on input line 35.
LaTeX Font Info:    ... okay on input line 35.
LaTeX Font Info:    Checking defaults for T1/cmr/m/n on input line 35.
LaTeX Font Info:    ... okay on input line 35.
LaTeX Font Info:    Checking defaults for TS1/cmr/m/n on input line 35.
LaTeX Font Info:    ... okay on input line 35.
LaTeX Font Info:    Checking defaults for OMX/cmex/m/n on input line 35.
LaTeX Font Info:    ... okay on input line 35.
LaTeX Font Info:    Checking defaults for U/cmr/m/n on input line 35.
LaTeX Font Info:    ... okay on input line 35.
LaTeX Font Info:    Checking defaults for PD1/pdf/m/n on input line 35.
LaTeX Font Info:    ... okay on input line 35.
LaTeX Font Info:    Checking defaults for PU/pdf/m/n on input line 35.
LaTeX Font Info:    ... okay on input line 35.

(/nix/store/pmgqv45x7z36cdlfvmf79wl0mj2fk7hl-texlive-combined-full-2023-final-t
exmfdist/tex/context/base/mkii/supp-pdf.mkii
[Loading MPS to PDF converter (version 2006.09.02).]
\scratchcounter=\count298
\scratchdimen=\dimen169
\scratchbox=\box56
\nofMPsegments=\count299
\nofMParguments=\count300
\everyMPshowfont=\toks34
\MPscratchCnt=\count301
\MPscratchDim=\dimen170
\MPnumerator=\count302
\makeMPintoPDFobject=\count303
\everyMPtoPDFconversion=\toks35
)
(/nix/store/pmgqv45x7z36cdlfvmf79wl0mj2fk7hl-texlive-combined-full-2023-final-t
exmfdist/tex/latex/epstopdf-pkg/epstopdf-base.sty
Package: epstopdf-base 2020-01-24 v2.11 Base part for package epstopdf
Package epstopdf-base Info: Redefining graphics rule for `.eps' on input line 4
85.

(/nix/store/pmgqv45x7z36cdlfvmf79wl0mj2fk7hl-texlive-combined-full-2023-final-t
exmfdist/tex/latex/latexconfig/epstopdf-sys.cfg
File: epstopdf-sys.cfg 2010/07/13 v1.3 Configuration of (r)epstopdf for TeX Liv
e
))
Package hyperref Info: Link coloring OFF on input line 35.
 (./paper_9_kosmic_k_index.out) (./paper_9_kosmic_k_index.out)
\@outlinefile=\write3
\openout3 = `paper_9_kosmic_k_index.out'.

LaTeX Font Info:    Trying to load font information for U+msa on input line 38.


(/nix/store/pmgqv45x7z36cdlfvmf79wl0mj2fk7hl-texlive-combined-full-2023-final-t
exmfdist/tex/latex/amsfonts/umsa.fd
File: umsa.fd 2013/01/14 v3.01 AMS symbols A
)
LaTeX Font Info:    Trying to load font information for U+msb on input line 38.


(/nix/store/pmgqv45x7z36cdlfvmf79wl0mj2fk7hl-texlive-combined-full-2023-final-t
exmfdist/tex/latex/amsfonts/umsb.fd
File: umsb.fd 2013/01/14 v3.01 AMS symbols B
)
LaTeX Font Info:    Trying to load font information for T1+cmtt on input line 3
8.

(/nix/store/pmgqv45x7z36cdlfvmf79wl0mj2fk7hl-texlive-combined-full-2023-final-t
exmfdist/tex/latex/base/t1cmtt.fd
File: t1cmtt.fd 2023/04/13 v2.5m Standard LaTeX font definitions
)

Package natbib Warning: Author undefined for citation`paper6' 
(natbib)                on page 1 on input line 45.

[1

{/nix/store/2k37baj1fissbch51hww7hf4gkvyy9si-texlive-combined-full-2023-final/s
hare/texmf-var/fonts/map/pdftex/updmap/pdftex.map}{/nix/store/pmgqv45x7z36cdlfv
mf79wl0mj2fk7hl-texlive-combined-full-2023-final-texmfdist/fonts/enc/dvips/cm-s
uper/cm-super-t1.enc}]

LaTeX Warning: `h' float specifier changed to `ht'.

[2{/nix/store/pmgqv45x7z36cdlfvmf79wl0mj2fk7hl-texlive-combined-full-2023-final
-texmfdist/fonts/enc/dvips/cm-super/cm-super-ts1.enc}] [3
pdfTeX warning (ext4): destination with the same identifier (name{table.1}) has
 been already used, duplicate ignored
<argument> ...shipout:D \box_use:N \l_shipout_box 
                                                  \__shipout_drop_firstpage_...
l.133 \end{equation}
                    ] [4]
Underfull \hbox (badness 1117) in paragraph at lines 212--212
[]\T1/cmr/m/n/10.95 Table 3: []Lookup Ta-ble Test re-sults. Both achieve iden-t
i-cal $\OML/cmm/m/it/10.95 K[]$\T1/cmr/m/n/10.95 ---
 []


Package hyperref Warning: Token not allowed in a PDF string (Unicode):
(hyperref)                removing `math shift' on input line 216.


Package hyperref Warning: Token not allowed in a PDF string (Unicode):
(hyperref)                removing `subscript' on input line 216.


Package hyperref Warning: Token not allowed in a PDF string (Unicode):
(hyperref)                removing `math shift' on input line 216.

[5
pdfTeX warning (ext4): destination with the same identifier (name{table.2}) has
 been already used, duplicate ignored
<argument> ...shipout:D \box_use:N \l_shipout_box 
                                                  \__shipout_drop_firstpage_...
l.226     \item \textbf
                       {Random}: Baseline with no structure
pdfTeX warning (ext4): destination with the same identifier (name{table.3}) has
 been already used, duplicate ignored
<argument> ...shipout:D \box_use:N \l_shipout_box 
                                                  \__shipout_drop_firstpage_...
l.226     \item \textbf
                       {Random}: Baseline with no structure]

LaTeX Warning: `h' float specifier changed to `ht'.


LaTeX Warning: `h' float specifier changed to `ht'.


LaTeX Warning: `h' float specifier changed to `ht'.

[6
pdfTeX warning (ext4): destination with the same identifier (name{table.4}) has
 been already used, duplicate ignored
<argument> ...shipout:D \box_use:N \l_shipout_box 
                                                  \__shipout_drop_firstpage_...
l.321 
      ]

Package hyperref Warning: Token not allowed in a PDF string (Unicode):
(hyperref)                removing `math shift' on input line 322.


Package hyperref Warning: Token not allowed in a PDF string (Unicode):
(hyperref)                removing `subscript' on input line 322.


Package hyperref Warning: Token not allowed in a PDF string (Unicode):
(hyperref)                removing `math shift' on input line 322.


LaTeX Warning: `h' float specifier changed to `ht'.


Overfull \hbox (15.90692pt too wide) in paragraph at lines 350--360
 [][] 
 []


LaTeX Warning: `h' float specifier changed to `ht'.

[7
pdfTeX warning (ext4): destination with the same identifier (name{table.5}) has
 been already used, duplicate ignored
<argument> ...shipout:D \box_use:N \l_shipout_box 
                                                  \__shipout_drop_firstpage_...
l.367 
      
pdfTeX warning (ext4): destination with the same identifier (name{table.6}) has
 been already used, duplicate ignored
<argument> ...shipout:D \box_use:N \l_shipout_box 
                                                  \__shipout_drop_firstpage_...
l.367 
      ] [8
pdfTeX warning (ext4): destination with the same identifier (name{table.7}) has
 been already used, duplicate ignored
<argument> ...shipout:D \box_use:N \l_shipout_box 
                                                  \__shipout_drop_firstpage_...
l.373 
      
pdfTeX warning (ext4): destination with the same identifier (name{table.8}) has
 been already used, duplicate ignored
<argument> ...shipout:D \box_use:N \l_shipout_box 
                                                  \__shipout_drop_firstpage_...
l.373 
      ]

Package hyperref Warning: Token not allowed in a PDF string (Unicode):
(hyperref)                removing `math shift' on input line 378.


Package hyperref Warning: Token not allowed in a PDF string (Unicode):
(hyperref)                removing `subscript' on input line 378.


Package hyperref Warning: Token not allowed in a PDF string (Unicode):
(hyperref)                removing `math shift' on input line 378.


Overfull \hbox (47.83023pt too wide) in paragraph at lines 384--396
 [][] 
 []

<figures/figure_1_thermostat_problem.pdf, id=231, 497.66049pt x 316.55013pt>
File: figures/figure_1_thermostat_problem.pdf Graphic file (type pdf)
<use figures/figure_1_thermostat_problem.pdf>
Package pdftex.def Info: figures/figure_1_thermostat_problem.pdf  used on input
 line 403.
(pdftex.def)             Requested size: 323.9978pt x 206.08841pt.

LaTeX Warning: `h' float specifier changed to `ht'.

<figures/figure_4_commons_paradox.pdf, id=232, 497.0529pt x 351.86142pt>
File: figures/figure_4_commons_paradox.pdf Graphic file (type pdf)
<use figures/figure_4_commons_paradox.pdf>
Package pdftex.def Info: figures/figure_4_commons_paradox.pdf  used on input li
ne 410.
(pdftex.def)             Requested size: 323.9978pt x 229.36221pt.

LaTeX Warning: `h' float specifier changed to `ht'.

[9
pdfTeX warning (ext4): destination with the same identifier (name{table.9}) has
 been already used, duplicate ignored
<argument> ...shipout:D \box_use:N \l_shipout_box 
                                                  \__shipout_drop_firstpage_...
l.419 \subsection
                 {Inter-Dimension Correlations}
pdfTeX warning (ext4): destination with the same identifier (name{table.10}) ha
s been already used, duplicate ignored
<argument> ...shipout:D \box_use:N \l_shipout_box 
                                                  \__shipout_drop_firstpage_...
l.419 \subsection
                 {Inter-Dimension Correlations}]

LaTeX Warning: `h' float specifier changed to `ht'.

[10
pdfTeX warning (ext4): destination with the same identifier (name{figure.1}) ha
s been already used, duplicate ignored
<argument> ...shipout:D \box_use:N \l_shipout_box 
                                                  \__shipout_drop_firstpage_...
l.447 \subsection
                 {Effect Sizes and Confidence Intervals} <./figures/figure_1_th
ermostat_problem.pdf>]
Overfull \hbox (150.60371pt too wide) in paragraph at lines 455--464
 [][] 
 []


LaTeX Warning: `h' float specifier changed to `ht'.

[11
pdfTeX warning (ext4): destination with the same identifier (name{figure.2}) ha
s been already used, duplicate ignored
<argument> ...shipout:D \box_use:N \l_shipout_box 
                                                  \__shipout_drop_firstpage_...
l.478     \item R
                 ecurrent agents show higher $\km$ than feedforward agents, ...
 <./figures/figure_4_commons_paradox.pdf>]

Package hyperref Warning: Token not allowed in a PDF string (Unicode):
(hyperref)                removing `math shift' on input line 483.


Package hyperref Warning: Token not allowed in a PDF string (Unicode):
(hyperref)                removing `subscript' on input line 483.


Package hyperref Warning: Token not allowed in a PDF string (Unicode):
(hyperref)                removing `math shift' on input line 483.


Overfull \hbox (129.21475pt too wide) in paragraph at lines 489--499
 [][] 
 []

[12
pdfTeX warning (ext4): destination with the same identifier (name{table.11}) ha
s been already used, duplicate ignored
<argument> ...shipout:D \box_use:N \l_shipout_box 
                                                  \__shipout_drop_firstpage_...
l.501 \end{table}
                 
pdfTeX warning (ext4): destination with the same identifier (name{table.12}) ha
s been already used, duplicate ignored
<argument> ...shipout:D \box_use:N \l_shipout_box 
                                                  \__shipout_drop_firstpage_...
l.501 \end{table}
                 ]
Overfull \hbox (8.87198pt too wide) in paragraph at lines 517--518
[]\T1/cmr/m/n/10.95 Inter-dimension cor-re-la-tions are environment-dependent (
mean $\OMS/cmsy/m/n/10.95 j\OML/cmm/m/it/10.95 r\OMS/cmsy/m/n/10.95 j$ \T1/cmr/
m/n/10.95 ranges
 []

[13
pdfTeX warning (ext4): destination with the same identifier (name{table.13}) ha
s been already used, duplicate ignored
<argument> ...shipout:D \box_use:N \l_shipout_box 
                                                  \__shipout_drop_firstpage_...
l.521     \item $
                 \km$-$\kp$ negative correlation ($r = -0.49$) suggests stra...
]
Overfull \hbox (14.77144pt too wide) in paragraph at lines 547--548
[]\T1/cmr/bx/n/10.95 Temporal depth dif-fer-en-ti-a-tion\T1/cmr/m/n/10.95 : Re-
cur-rent agents con-sis-tently achieve
 []

[14] [15] [16] (./paper_9_kosmic_k_index.aux)
 ***********
LaTeX2e <2023-11-01> patch level 1
L3 programming layer <2024-02-20>
 ***********


LaTeX Warning: Label(s) may have changed. Rerun to get cross-references right.


Package rerunfilecheck Warning: File `paper_9_kosmic_k_index.out' has changed.
(rerunfilecheck)                Rerun to get outlines right
(rerunfilecheck)                or use package `bookmark'.

Package rerunfilecheck Info: Checksums for `paper_9_kosmic_k_index.out':
(rerunfilecheck)             Before: 7A3CA62F1496AFED0521414FDAC92101;5726
(rerunfilecheck)             After:  C7D65493901FD78D41506E9D3E2B59BB;5779.
 ) 
Here is how much of TeX's memory you used:
 11299 strings out of 474116
 177471 string characters out of 5717523
 1948187 words of memory out of 5000000
 33375 multiletter control sequences out of 15000+600000
 581284 words of font info for 98 fonts, out of 8000000 for 9000
 1141 hyphenation exceptions out of 8191
 75i,11n,79p,1762b,551s stack positions out of 10000i,1000n,20000p,200000b,200000s
</nix/store/pmgqv45x7z36cdlfvmf79wl0mj2fk7hl-texlive-combined-full-2023-final
-texmfdist/fonts/type1/public/amsfonts/cm/cmbx10.pfb></nix/store/pmgqv45x7z36cd
lfvmf79wl0mj2fk7hl-texlive-combined-full-2023-final-texmfdist/fonts/type1/publi
c/amsfonts/cm/cmmi10.pfb></nix/store/pmgqv45x7z36cdlfvmf79wl0mj2fk7hl-texlive-c
ombined-full-2023-final-texmfdist/fonts/type1/public/amsfonts/cm/cmmi12.pfb></n
ix/store/pmgqv45x7z36cdlfvmf79wl0mj2fk7hl-texlive-combined-full-2023-final-texm
fdist/fonts/type1/public/amsfonts/cm/cmmi6.pfb></nix/store/pmgqv45x7z36cdlfvmf7
9wl0mj2fk7hl-texlive-combined-full-2023-final-texmfdist/fonts/type1/public/amsf
onts/cm/cmmi7.pfb></nix/store/pmgqv45x7z36cdlfvmf79wl0mj2fk7hl-texlive-combined
-full-2023-final-texmfdist/fonts/type1/public/amsfonts/cm/cmmi8.pfb></nix/store
/pmgqv45x7z36cdlfvmf79wl0mj2fk7hl-texlive-combined-full-2023-final-texmfdist/fo
nts/type1/public/amsfonts/cm/cmmi9.pfb></nix/store/pmgqv45x7z36cdlfvmf79wl0mj2f
k7hl-texlive-combined-full-2023-final-texmfdist/fonts/type1/public/amsfonts/cm/
cmr10.pfb></nix/store/pmgqv45x7z36cdlfvmf79wl0mj2fk7hl-texlive-combined-full-20
23-final-texmfdist/fonts/type1/public/amsfonts/cm/cmr7.pfb></nix/store/pmgqv45x
7z36cdlfvmf79wl0mj2fk7hl-texlive-combined-full-2023-final-texmfdist/fonts/type1
/public/amsfonts/cm/cmr8.pfb></nix/store/pmgqv45x7z36cdlfvmf79wl0mj2fk7hl-texli
ve-combined-full-2023-final-texmfdist/fonts/type1/public/amsfonts/cm/cmr9.pfb><
/nix/store/pmgqv45x7z36cdlfvmf79wl0mj2fk7hl-texlive-combined-full-2023-final-te
xmfdist/fonts/type1/public/amsfonts/cm/cmsy10.pfb></nix/store/pmgqv45x7z36cdlfv
mf79wl0mj2fk7hl-texlive-combined-full-2023-final-texmfdist/fonts/type1/public/a
msfonts/cm/cmsy9.pfb></nix/store/pmgqv45x7z36cdlfvmf79wl0mj2fk7hl-texlive-combi
ned-full-2023-final-texmfdist/fonts/type1/public/amsfonts/symbols/msbm10.pfb></
nix/store/pmgqv45x7z36cdlfvmf79wl0mj2fk7hl-texlive-combined-full-2023-final-tex
mfdist/fonts/type1/public/cm-super/sfbx1000.pfb></nix/store/pmgqv45x7z36cdlfvmf
79wl0mj2fk7hl-texlive-combined-full-2023-final-texmfdist/fonts/type1/public/cm-
super/sfbx1095.pfb></nix/store/pmgqv45x7z36cdlfvmf79wl0mj2fk7hl-texlive-combine
d-full-2023-final-texmfdist/fonts/type1/public/cm-super/sfbx1200.pfb></nix/stor
e/pmgqv45x7z36cdlfvmf79wl0mj2fk7hl-texlive-combined-full-2023-final-texmfdist/f
onts/type1/public/cm-super/sfbx1440.pfb></nix/store/pmgqv45x7z36cdlfvmf79wl0mj2
fk7hl-texlive-combined-full-2023-final-texmfdist/fonts/type1/public/cm-super/sf
rm0800.pfb></nix/store/pmgqv45x7z36cdlfvmf79wl0mj2fk7hl-texlive-combined-full-2
023-final-texmfdist/fonts/type1/public/cm-super/sfrm0900.pfb></nix/store/pmgqv4
5x7z36cdlfvmf79wl0mj2fk7hl-texlive-combined-full-2023-final-texmfdist/fonts/typ
e1/public/cm-super/sfrm1000.pfb></nix/store/pmgqv45x7z36cdlfvmf79wl0mj2fk7hl-te
xlive-combined-full-2023-final-texmfdist/fonts/type1/public/cm-super/sfrm1095.p
fb></nix/store/pmgqv45x7z36cdlfvmf79wl0mj2fk7hl-texlive-combined-full-2023-fina
l-texmfdist/fonts/type1/public/cm-super/sfrm1200.pfb></nix/store/pmgqv45x7z36cd
lfvmf79wl0mj2fk7hl-texlive-combined-full-2023-final-texmfdist/fonts/type1/publi
c/cm-super/sfrm1728.pfb></nix/store/pmgqv45x7z36cdlfvmf79wl0mj2fk7hl-texlive-co
mbined-full-2023-final-texmfdist/fonts/type1/public/cm-super/sfti1000.pfb></nix
/store/pmgqv45x7z36cdlfvmf79wl0mj2fk7hl-texlive-combined-full-2023-final-texmfd
ist/fonts/type1/public/cm-super/sfti1095.pfb></nix/store/pmgqv45x7z36cdlfvmf79w
l0mj2fk7hl-texlive-combined-full-2023-final-texmfdist/fonts/type1/public/cm-sup
er/sftt1000.pfb></nix/store/pmgqv45x7z36cdlfvmf79wl0mj2fk7hl-texlive-combined-f
ull-2023-final-texmfdist/fonts/type1/public/cm-super/sftt1095.pfb>
Output written on paper_9_kosmic_k_index.pdf (16 pages, 540930 bytes).
PDF statistics:
 593 PDF objects out of 1000 (max. 8388607)
 390 compressed objects within 4 object streams
 110 named destinations out of 1000 (max. 500000)
 267 words of extra memory for PDF output out of 10000 (max. 10000000)

